numprocs=14
	1 
	1 
	1 
	1 
	1 
	1 
	1 
	1 
	1 
	1 
	1 
	1 
	1 
	1 
	1 
	1 
	1 
	1 
	1 
	1 
	1 
	1 
	1 
	1 
	1 
	1 
	1 
	1 
	1 
	1 
	1 
	1 
	1 
	1 
	1 
	1 
	1 
	1 
	1 
	1 
	1 
	1 
Job with name :testNewScript
Run submited to run is :45 
Job with name :testNewScript
Run submited to run is :45 
Job with name :testNewScript
Run submited to run is :45 
Job with name :testNewScript
Run submited to run is :45 
Job with name :testNewScript
Run submited to run is :45 
Job with name :testNewScript
Run submited to run is :45 
Microcircuit running in 14 CORES !


========================================================================================
NEURON MPIRUN starting at Fri Nov  6 11:03:25 EET 2015
========================================================================================
JOB NAME IS: testNewScript
========================================================================================
Job with name :testNewScript
Run submited to run is :45 
Job with name :testNewScript
Run submited to run is :45 
Job with name :testNewScript
Run submited to run is :45 
Job with name :testNewScript
Run submited to run is :45 
Job with name :testNewScript
Run submited to run is :45 
Job with name :testNewScript
Run submited to run is :45 
Job with name :testNewScript
Run submited to run is :45 
Job with name :testNewScript
Run submited to run is :45 
Load NEURON environment.
Load Network Parameters.
Load Gap Parameters.
Load Stimulation Parameters.
Experiment ID is: 12
Experiment Serial Number is: 16
Microcircuit running with simplified morphologies !


VCLAMP value is 0.000000
GPYID value is 0
Load Main Parameters.
Directory /home/cluster/stefanos/Documents/Glia/experiment_12_testNewScript already exists
Directory STR_SN16_ST7 already exists
Parse Stimulation Parameters.
Choose morphologies.
Define Objects.
initializing PCs...
Load cell templates.
initializing 233 PVs...
initializing CBs...
initializing CRs...
Load interneuron templates.
Load NMDA/AMPA arrays.
Define network parameters.
13 /home/cluster/stefanos/Libraries/nrn/x86_64/bin/nrniv: stimpidPC2PC not an array variable
13  in /home/cluster/stefanos/Documents/GitHub/prefrontal-micro/experiment/network/network.hoc near line 324
13  					stimpidPC2PC[trgGID] = new Vector()	
                           ^
        13 xopen("/home/clus...")
      13 execute1("")
Stimulation loggin is active: 0 
Assertion error. Exiting...
sh: /cluster/stefanos/Libraries/nrn/share/nrn/lib/cleanup: No such file or directory
7 /home/cluster/stefanos/Libraries/nrn/x86_64/bin/nrniv: stimpidPC2PC not an array variable
7  in /home/cluster/stefanos/Documents/GitHub/prefrontal-micro/experiment/network/network.hoc near line 324
7  					stimpidPC2PC[trgGID] = new Vector()	
                           ^
        7 xopen("/home/clus...")
      7 execute1("")
Stimulation loggin is active: 0 
Assertion error. Exiting...
sh: /cluster/stefanos/Libraries/nrn/share/nrn/lib/cleanup: No such file or directory
9 /home/cluster/stefanos/Libraries/nrn/x86_64/bin/nrniv: stimpidPC2PC not an array variable
9  in /home/cluster/stefanos/Documents/GitHub/prefrontal-micro/experiment/network/network.hoc near line 324
9  					stimpidPC2PC[trgGID] = new Vector()	
                           ^
        9 xopen("/home/clus...")
      9 execute1("")
Stimulation loggin is active: 0 
Assertion error. Exiting...
sh: /cluster/stefanos/Libraries/nrn/share/nrn/lib/cleanup: No such file or directory
Stimulation loggin is active: 0 
Assertion error. Exiting...
8 /home/cluster/stefanos/Libraries/nrn/x86_64/bin/nrniv: stimpidPC2PC not an array variable
8  in /home/cluster/stefanos/Documents/GitHub/prefrontal-micro/experiment/network/network.hoc near line 324
8  					stimpidPC2PC[trgGID] = new Vector()	
                           ^
        8 xopen("/home/clus...")
      8 execute1("")
sh: /cluster/stefanos/Libraries/nrn/share/nrn/lib/cleanup: No such file or directory
Stimulation loggin is active: 0 
Assertion error. Exiting...
6 /home/cluster/stefanos/Libraries/nrn/x86_64/bin/nrniv: stimpidPC2PC not an array variable
6  in /home/cluster/stefanos/Documents/GitHub/prefrontal-micro/experiment/network/network.hoc near line 324
6  					stimpidPC2PC[trgGID] = new Vector()	
                           ^
        6 xopen("/home/clus...")
      6 execute1("")
Stimulation loggin is active: 0 
5 /home/cluster/stefanos/Libraries/nrn/x86_64/bin/nrniv: stimpidPC2PC not an array variable
5  in /home/cluster/stefanos/Documents/GitHub/prefrontal-micro/experiment/network/network.hoc near line 324
5  					stimpidPC2PC[trgGID] = new Vector()	
                           ^
        5 xopen("/home/clus...")
      5 execute1("")
Assertion error. Exiting...
Stimulation loggin is active: 0 
Assertion error. Exiting...
2 /home/cluster/stefanos/Libraries/nrn/x86_64/bin/nrniv: stimpidPC2PC not an array variable
2  in /home/cluster/stefanos/Documents/GitHub/prefrontal-micro/experiment/network/network.hoc near line 324
2  					stimpidPC2PC[trgGID] = new Vector()	
                           ^
        2 xopen("/home/clus...")
      2 execute1("")
sh: /cluster/stefanos/Libraries/nrn/share/nrn/lib/cleanup: No such file or directory
Stimulation loggin is active: 0 
Stimulation loggin is active: 0 
12 /home/cluster/stefanos/Libraries/nrn/x86_64/bin/nrniv: stimpidPC2PC not an array variable
12  in /home/cluster/stefanos/Documents/GitHub/prefrontal-micro/experiment/network/network.hoc near line 324
12  					stimpidPC2PC[trgGID] = new Vector()	
                           ^
        12 xopen("/home/clus...")
      12 execute1("")
Assertion error. Exiting...
3 /home/cluster/stefanos/Libraries/nrn/x86_64/bin/nrniv: stimpidPC2PC not an array variable
3  in /home/cluster/stefanos/Documents/GitHub/prefrontal-micro/experiment/network/network.hoc near line 324
3  					stimpidPC2PC[trgGID] = new Vector()	
                           ^
        3 xopen("/home/clus...")
      3 execute1("")
Assertion error. Exiting...
sh: /cluster/stefanos/Libraries/nrn/share/nrn/lib/cleanup: No such file or directory
sh: /cluster/stefanos/Libraries/nrn/share/nrn/lib/cleanup: No such file or directory
Stimulation loggin is active: 0 
Stimulation loggin is active: 0 
10 /home/cluster/stefanos/Libraries/nrn/x86_64/bin/nrniv: stimpidPC2PC not an array variable
10  in /home/cluster/stefanos/Documents/GitHub/prefrontal-micro/experiment/network/network.hoc near line 324
10  					stimpidPC2PC[trgGID] = new Vector()	
                           ^
        10 xopen("/home/clus...")
      10 execute1("")
Assertion error. Exiting...
1 /home/cluster/stefanos/Libraries/nrn/x86_64/bin/nrniv: stimpidPC2PC not an array variable
1  in /home/cluster/stefanos/Documents/GitHub/prefrontal-micro/experiment/network/network.hoc near line 324
1  					stimpidPC2PC[trgGID] = new Vector()	
                           ^
        1 xopen("/home/clus...")
      1 execute1("")
Assertion error. Exiting...
sh: /cluster/stefanos/Libraries/nrn/share/nrn/lib/cleanup: No such file or directory
sh: /cluster/stefanos/Libraries/nrn/share/nrn/lib/cleanup: No such file or directory
sh: /cluster/stefanos/Libraries/nrn/share/nrn/lib/cleanup: No such file or directory
sh: /cluster/stefanos/Libraries/nrn/share/nrn/lib/cleanup: No such file or directory
Stimulation loggin is active: 0 
4 /home/cluster/stefanos/Libraries/nrn/x86_64/bin/nrniv: stimpidPC2PC not an array variable
4  in /home/cluster/stefanos/Documents/GitHub/prefrontal-micro/experiment/network/network.hoc near line 324
4  					stimpidPC2PC[trgGID] = new Vector()	
                           ^
        4 xopen("/home/clus...")
      4 execute1("")
Assertion error. Exiting...
Stimulation loggin is active: 0 
Assertion error. Exiting...
11 /home/cluster/stefanos/Libraries/nrn/x86_64/bin/nrniv: stimpidPC2PC not an array variable
11  in /home/cluster/stefanos/Documents/GitHub/prefrontal-micro/experiment/network/network.hoc near line 324
11  					stimpidPC2PC[trgGID] = new Vector()	
                           ^
        11 xopen("/home/clus...")
      11 execute1("")
sh: /cluster/stefanos/Libraries/nrn/share/nrn/lib/cleanup: No such file or directory
Stimulation loggin is active: 0 
0 /home/cluster/stefanos/Libraries/nrn/x86_64/bin/nrniv: stimpidPC2PC not an array variable
0  in /home/cluster/stefanos/Documents/GitHub/prefrontal-micro/experiment/network/network.hoc near line 324
0  					stimpidPC2PC[trgGID] = new Vector()	
                           ^
        0 xopen("/home/clus...")
      0 execute1("")
Assertion error. Exiting...
sh: /cluster/stefanos/Libraries/nrn/share/nrn/lib/cleanup: No such file or directory
sh: /cluster/stefanos/Libraries/nrn/share/nrn/lib/cleanup: No such file or directory
