numprocs=24
========================================================================================

NEURON MPIRUN STARTING AT: Mon Nov 16 15:30:22 EET 2015

WITH JOB ID: 2159241

========================================================================================

Microcircuit running in 24 CORES !

Load NEURON environment.
Load Network Parameters.
Load Gap Parameters.
Load Stimulation Parameters.
Experiment ID is: 12
Experiment Serial Number is: 16
Microcircuit running with simplified morphologies !


VCLAMP value is 0.000000
GPYID value is 0
Load Main Parameters.
Creating Job Directory...
mkdir -p /home/cluster/stefanos/Documents/Glia/experiment_12_RND_N100_S6_STC2_44
Directory /home/cluster/stefanos/Documents/Glia/experiment_12_RND_N100_S6_STC2_44 already exists
Creating Experiment Directory...
mkdir -p /home/cluster/stefanos/Documents/Glia/experiment_12_RND_N100_S6_STC2_44/RND_SN16_ST7
Directory RND_SN16_ST7 already exists
Parse Stimulation Parameters.
Choose morphologies.
Define Objects.
initializing PCs...
Load cell templates.
initializing 233 PVs...
initializing CBs...
initializing CRs...
Load interneuron templates.
Load NMDA/AMPA arrays.
Define network parameters.
Load network parameters.
Load record routines.
Runs variable is: 44 .

Current run is: 44
Loading ... 44  in host 0 
maxstep=10 
{xopen("/home/cluster/stefanos/Documents/GitHub/prefrontal-micro/experiment/network/experiment_12/importNetworkStimulation_run_0001.hoc")}
{xopen("/home/cluster/stefanos/Documents/GitHub/prefrontal-micro/experiment/network/experiment_12/importBackgroundStimParams_run_0045.hoc")}
Done loading external stimulation.
{stimulation(0,0)} executed.

{backgroundActivity(44,0)} executed.

{backgroundActivityPV(44,0)} executed.

{connectPC2PC(0,0,0.585000)} executed.

{connectPV2PV(0,0)} executed.

{connectPC2PV(0,0)} executed.

{connectPV2PC(0,0)} executed.

{noise(44)} executed.

----------------------------------------------------------------------------------------
Commencing Parallel run!
----------------------------------------------------------------------------------------
All reached tstop: 6000 ms.

par_save_membrane_voltage() is active.
Initialization time:      2.312 minutes.

Runtime:      28.17 minutes.

Success
sh: /cluster/stefanos/Libraries/nrn/share/nrn/lib/cleanup: No such file or directory
