numprocs=24
========================================================================================

NEURON MPIRUN STARTING AT: Tue Nov 10 17:35:21 EET 2015

WITH JOB ID: 2129094

========================================================================================

Microcircuit running in 24 CORES !

Load NEURON environment.
Load Network Parameters.
Load Gap Parameters.
Load Stimulation Parameters.
Experiment ID is: 12
Experiment Serial Number is: 16
Microcircuit running with simplified morphologies !


VCLAMP value is 0.000000
GPYID value is 0
Load Main Parameters.
Creating Job Directory...
mkdir -p /home/cluster/stefanos/Documents/Glia/experiment_12_STR_N100_S6_STC0_23
Directory /home/cluster/stefanos/Documents/Glia/experiment_12_STR_N100_S6_STC0_23 already exists
Creating Experiment Directory...
mkdir -p /home/cluster/stefanos/Documents/Glia/experiment_12_STR_N100_S6_STC0_23/STR_SN16_ST7
Directory STR_SN16_ST7 already exists
Parse Stimulation Parameters.
Choose morphologies.
Define Objects.
initializing PCs...
Load cell templates.
initializing 233 PVs...
initializing CBs...
initializing CRs...
Load interneuron templates.
Load NMDA/AMPA arrays.
Define network parameters.
Load network parameters.
Load record routines.
Runs variable is: 23 .

Current run is: 23
Loading ... 23  in host 0 
maxstep=10 
{xopen("/home/cluster/stefanos/Documents/GitHub/prefrontal-micro/experiment/network/experiment_12/importNetworkStimulation_run_0001.hoc")}
{xopen("/home/cluster/stefanos/Documents/GitHub/prefrontal-micro/experiment/network/experiment_12/importBackgroundStimParams_run_0024.hoc")}
Done loading external stimulation.
{stimulation(0,0)} executed.

{backgroundActivity(23,0)} executed.

{backgroundActivityPV(23,0)} executed.

{connectPC2PC(0,0,0.585000)} executed.

{connectPV2PV(0,0)} executed.

{connectPC2PV(0,0)} executed.

{connectPV2PC(0,0)} executed.

{noise(23)} executed.

----------------------------------------------------------------------------------------
Commencing Parallel run!
----------------------------------------------------------------------------------------
All reached tstop: 6000 ms.

par_save_membrane_voltage() is active.
Initialization time:      3.288 minutes.

Runtime:      49.15 minutes.

Success
sh: /cluster/stefanos/Libraries/nrn/share/nrn/lib/cleanup: No such file or directory
