numprocs=24
========================================================================================

NEURON MPIRUN STARTING AT: Thu Jan 21 09:42:03 EET 2016

WITH JOB ID: 2557184

========================================================================================

Microcircuit running in 24 CORES !

Load NEURON environment.
Load Network Parameters.
Load Gap Parameters.
Load Stimulation Parameters.
Experiment ID is: 12
Experiment Serial Number is: 16
Microcircuit running with simplified morphologies !


VCLAMP value is 0.000000
GPYID value is 0
Load Main Parameters.
Creating Job Directory...
mkdir -p /home/cluster/stefanos/Documents/Glia/experiment_12_STR_N100_S20_STC1_11
Directory /home/cluster/stefanos/Documents/Glia/experiment_12_STR_N100_S20_STC1_11 already exists
Creating Experiment Directory...
mkdir -p /home/cluster/stefanos/Documents/Glia/experiment_12_STR_N100_S20_STC1_11/STR_SN16_ST7
Directory STR_SN16_ST7 already exists
Parse Stimulation Parameters.
Choose morphologies.
Define Objects.
initializing PCs...
Load cell templates.
initializing 233 PVs...
initializing CBs...
initializing CRs...
Load interneuron templates.
Load NMDA/AMPA arrays.
Define network parameters.
Load network parameters.
Load record routines.
Runs variable is: 11 .


gidvecs on 24 host(s)
On host: compute-0-7.local

0	24	48	72	96	
120	144	168	192	216	
240	264	288	312	336	
360	384	408	432	456	
480	504	528	552	576	
600	624	648	672	696	

On host: compute-0-7.local

1	25	49	73	97	
121	145	169	193	217	
241	265	289	313	337	
361	385	409	433	457	
481	505	529	553	577	
601	625	649	673	697	

On host: compute-0-4.local

2	26	50	74	98	
122	146	170	194	218	
242	266	290	314	338	
362	386	410	434	458	
482	506	530	554	578	
602	626	650	674	698	

On host: compute-0-4.local

3	27	51	75	99	
123	147	171	195	219	
243	267	291	315	339	
363	387	411	435	459	
483	507	531	555	579	
603	627	651	675	699	

On host: compute-0-6.local

4	28	52	76	100	
124	148	172	196	220	
244	268	292	316	340	
364	388	412	436	460	
484	508	532	556	580	
604	628	652	676	
On host: compute-0-6.local

5	29	53	77	101	
125	149	173	197	221	
245	269	293	317	341	
365	389	413	437	461	
485	509	533	557	581	
605	629	653	677	
On host: compute-0-1.local

6	30	54	78	102	
126	150	174	198	222	
246	270	294	318	342	
366	390	414	438	462	
486	510	534	558	582	
606	630	654	678	
On host: compute-0-1.local

7	31	55	79	103	
127	151	175	199	223	
247	271	295	319	343	
367	391	415	439	463	
487	511	535	559	583	
607	631	655	679	
On host: compute-0-3.local

8	32	56	80	104	
128	152	176	200	224	
248	272	296	320	344	
368	392	416	440	464	
488	512	536	560	584	
608	632	656	680	
On host: compute-0-3.local

9	33	57	81	105	
129	153	177	201	225	
249	273	297	321	345	
369	393	417	441	465	
489	513	537	561	585	
609	633	657	681	
On host: compute-0-22.local

10	34	58	82	106	
130	154	178	202	226	
250	274	298	322	346	
370	394	418	442	466	
490	514	538	562	586	
610	634	658	682	
On host: compute-0-22.local

11	35	59	83	107	
131	155	179	203	227	
251	275	299	323	347	
371	395	419	443	467	
491	515	539	563	587	
611	635	659	683	
On host: compute-0-19.local

12	36	60	84	108	
132	156	180	204	228	
252	276	300	324	348	
372	396	420	444	468	
492	516	540	564	588	
612	636	660	684	
On host: compute-0-19.local

13	37	61	85	109	
133	157	181	205	229	
253	277	301	325	349	
373	397	421	445	469	
493	517	541	565	589	
613	637	661	685	
On host: compute-0-15.local

14	38	62	86	110	
134	158	182	206	230	
254	278	302	326	350	
374	398	422	446	470	
494	518	542	566	590	
614	638	662	686	
On host: compute-0-15.local

15	39	63	87	111	
135	159	183	207	231	
255	279	303	327	351	
375	399	423	447	471	
495	519	543	567	591	
615	639	663	687	
On host: compute-0-20.local

16	40	64	88	112	
136	160	184	208	232	
256	280	304	328	352	
376	400	424	448	472	
496	520	544	568	592	
616	640	664	688	
On host: compute-0-20.local

17	41	65	89	113	
137	161	185	209	233	
257	281	305	329	353	
377	401	425	449	473	
497	521	545	569	593	
617	641	665	689	
On host: compute-0-18.local

18	42	66	90	114	
138	162	186	210	234	
258	282	306	330	354	
378	402	426	450	474	
498	522	546	570	594	
618	642	666	690	
On host: compute-0-18.local

19	43	67	91	115	
139	163	187	211	235	
259	283	307	331	355	
379	403	427	451	475	
499	523	547	571	595	
619	643	667	691	
On host: compute-0-14.local

20	44	68	92	116	
140	164	188	212	236	
260	284	308	332	356	
380	404	428	452	476	
500	524	548	572	596	
620	644	668	692	
On host: compute-0-14.local

21	45	69	93	117	
141	165	189	213	237	
261	285	309	333	357	
381	405	429	453	477	
501	525	549	573	597	
621	645	669	693	
On host: compute-0-13.local

22	46	70	94	118	
142	166	190	214	238	
262	286	310	334	358	
382	406	430	454	478	
502	526	550	574	598	
622	646	670	694	
On host: compute-0-13.local

23	47	71	95	119	
143	167	191	215	239	
263	287	311	335	359	
383	407	431	455	479	
503	527	551	575	599	
623	647	671	695	
Current run is: 11
Loading ... 11  in host 0 
maxstep=10 
{xopen("/home/cluster/stefanos/Documents/GitHub/prefrontal-micro/experiment/network/experiment_12/importNetworkStimulation_run_0001.hoc")}
{xopen("/home/cluster/stefanos/Documents/GitHub/prefrontal-micro/experiment/network/experiment_12/importBackgroundStimParams_run_0012.hoc")}
Done loading external stimulation.
{stimulation(0,0)} executed.

{backgroundActivity(11,0)} executed.

{backgroundActivityPV(11,0)} executed.

{connectPC2PC(0,0,0.585000)} executed.

{connectPV2PV(0,0)} executed.

{connectPC2PV(0,0)} executed.

{connectPV2PC(0,0)} executed.

{noise(11)} executed.

Recording cell: 1 
Recording cell: 5 
Recording cell: 2 
Recording cell: 0 
Recording cell: 7 
Recording cell: 4 
Recording cell: 8 
Recording cell: 3 
Recording cell: 9 
Recording cell: 6 
Recording cell: 25 
Recording cell: 29 
Recording cell: 26 
Recording cell: 24 
Recording cell: 31 
Recording cell: 32 
Recording cell: 28 
Recording cell: 27 
Recording cell: 33 
Recording cell: 30 
Recording cell: 49 
Recording cell: 53 
Recording cell: 50 
Recording cell: 55 
Recording cell: 48 
Recording cell: 56 
Recording cell: 52 
Recording cell: 51 
Recording cell: 57 
Recording cell: 54 
Recording cell: 73 
Recording cell: 77 
Recording cell: 74 
Recording cell: 79 
Recording cell: 80 
Recording cell: 72 
Recording cell: 23 
Recording cell: 22 
Recording cell: 18 
Recording cell: 76 
Recording cell: 21 
Recording cell: 19 
Recording cell: 13 
Recording cell: 20 
Recording cell: 97 
Recording cell: 101 
Recording cell: 81 
Recording cell: 16 
Recording cell: 17 
Recording cell: 78 
Recording cell: 10 
Recording cell: 11 
Recording cell: 75 
Recording cell: 98 
Recording cell: 12 
Recording cell: 104 
Recording cell: 103 
Recording cell: 96 
Recording cell: 100 
Recording cell: 42 
Recording cell: 47 
Recording cell: 46 
Recording cell: 45 
Recording cell: 43 
Recording cell: 121 
Recording cell: 125 
Recording cell: 122 
Recording cell: 99 
Recording cell: 105 
Recording cell: 102 
Recording cell: 37 
Recording cell: 44 
Recording cell: 128 
Recording cell: 40 
Recording cell: 127 
Recording cell: 120 
Recording cell: 35 
Recording cell: 41 
Recording cell: 34 
Recording cell: 36 
Recording cell: 124 
Recording cell: 15 
Recording cell: 66 
Recording cell: 70 
Recording cell: 71 
Recording cell: 69 
Recording cell: 146 
Recording cell: 123 
Recording cell: 145 
Recording cell: 149 
Recording cell: 152 
Recording cell: 129 
Recording cell: 67 
Recording cell: 126 
Recording cell: 151 
Recording cell: 144 
Recording cell: 61 
Recording cell: 68 
Recording cell: 64 
Recording cell: 148 
Recording cell: 59 
Recording cell: 65 
Recording cell: 60 
Recording cell: 58 
Recording cell: 170 
Recording cell: 147 
Recording cell: 169 
Recording cell: 90 
Recording cell: 173 
Recording cell: 39 
Recording cell: 176 
Recording cell: 93 
Recording cell: 153 
Recording cell: 94 
Recording cell: 95 
Recording cell: 150 
Recording cell: 175 
Recording cell: 168 
Recording cell: 14 
Recording cell: 91 
Recording cell: 172 
Recording cell: 85 
Recording cell: 92 
Recording cell: 88 
Recording cell: 194 
Recording cell: 171 
Recording cell: 83 
Recording cell: 193 
Recording cell: 197 
Recording cell: 200 
Recording cell: 84 
Recording cell: 89 
Recording cell: 82 
Recording cell: 114 
Recording cell: 177 
Recording cell: 174 
Recording cell: 199 
Recording cell: 192 
Recording cell: 117 
Recording cell: 118 
Recording cell: 63 
Recording cell: 119 
Recording cell: 196 
Recording cell: 115 
Recording cell: 218 
Recording cell: 38 
Recording cell: 195 
Recording cell: 112 
Recording cell: 217 
Recording cell: 224 
Recording cell: 109 
Recording cell: 221 
Recording cell: 116 
Recording cell: 107 
Recording cell: 201 
Recording cell: 223 
Recording cell: 198 
Recording cell: 216 
Recording cell: 108 
Recording cell: 138 
Recording cell: 113 
Recording cell: 106 
Recording cell: 141 
Recording cell: 220 
Recording cell: 242 
Recording cell: 219 
Recording cell: 142 
Recording cell: 143 
Recording cell: 248 
Recording cell: 87 
Recording cell: 241 
Recording cell: 245 
Recording cell: 139 
Recording cell: 62 
Recording cell: 136 
Recording cell: 133 
Recording cell: 140 
Recording cell: 247 
Recording cell: 240 
Recording cell: 225 
Recording cell: 222 
Recording cell: 131 
Recording cell: 244 
Recording cell: 162 
Recording cell: 266 
Recording cell: 243 
Recording cell: 132 
Recording cell: 165 
Recording cell: 137 
Recording cell: 272 
Recording cell: 130 
Recording cell: 265 
Recording cell: 269 
Recording cell: 166 
Recording cell: 167 
Recording cell: 163 
Recording cell: 271 
Recording cell: 111 
Recording cell: 264 
Recording cell: 160 
Recording cell: 249 
Recording cell: 246 
Recording cell: 86 
Recording cell: 157 
Recording cell: 290 
Recording cell: 164 
Recording cell: 268 
Recording cell: 267 
Recording cell: 296 
Recording cell: 155 
Recording cell: 186 
Recording cell: 289 
Recording cell: 189 
Recording cell: 293 
Recording cell: 156 
Recording cell: 161 
Recording cell: 154 
Recording cell: 190 
Recording cell: 295 
Recording cell: 288 
Recording cell: 191 
Recording cell: 273 
Recording cell: 314 
Recording cell: 270 
Recording cell: 291 
Recording cell: 184 
Recording cell: 292 
Recording cell: 187 
Recording cell: 320 
Recording cell: 135 
Recording cell: 181 
Recording cell: 188 
Recording cell: 313 
Recording cell: 317 
Recording cell: 210 
Recording cell: 110 
Recording cell: 179 
Recording cell: 213 
Recording cell: 180 
Recording cell: 319 
Recording cell: 312 
Recording cell: 338 
Recording cell: 185 
Recording cell: 297 
Recording cell: 315 
Recording cell: 214 
Recording cell: 294 
Recording cell: 178 
Recording cell: 316 
Recording cell: 344 
Recording cell: 215 
Recording cell: 208 
Recording cell: 337 
Recording cell: 211 
Recording cell: 341 
Recording cell: 205 
Recording cell: 212 
Recording cell: 234 
Recording cell: 159 
Recording cell: 343 
Recording cell: 237 
Recording cell: 336 
Recording cell: 203 
Recording cell: 362 
Recording cell: 339 
Recording cell: 321 
Recording cell: 368 
Recording cell: 204 
Recording cell: 340 
Recording cell: 318 
Recording cell: 209 
Recording cell: 361 
Recording cell: 238 
Recording cell: 202 
Recording cell: 365 
Recording cell: 239 
Recording cell: 232 
Recording cell: 134 
Recording cell: 235 
Recording cell: 386 
Recording cell: 367 
Recording cell: 229 
Recording cell: 360 
Recording cell: 258 
Recording cell: 363 
Recording cell: 236 
Recording cell: 392 
Recording cell: 261 
Recording cell: 345 
Recording cell: 183 
Recording cell: 364 
Recording cell: 227 
Recording cell: 342 
Recording cell: 385 
Recording cell: 228 
Recording cell: 389 
Recording cell: 262 
Recording cell: 233 
Recording cell: 256 
Recording cell: 263 
Recording cell: 226 
Recording cell: 410 
Recording cell: 391 
Recording cell: 387 
Recording cell: 384 
Recording cell: 416 
Recording cell: 259 
Recording cell: 158 
Recording cell: 282 
Recording cell: 253 
Recording cell: 388 
Recording cell: 369 
Recording cell: 285 
Recording cell: 260 
Recording cell: 366 
Recording cell: 409 
Recording cell: 413 
Recording cell: 251 
Recording cell: 207 
Recording cell: 252 
Recording cell: 434 
Recording cell: 411 
Recording cell: 415 
Recording cell: 408 
Recording cell: 440 
Recording cell: 286 
Recording cell: 280 
Recording cell: 257 
Recording cell: 287 
Recording cell: 250 
Recording cell: 412 
Recording cell: 393 
Recording cell: 283 
Recording cell: 306 
Recording cell: 390 
Recording cell: 182 
Recording cell: 433 
Recording cell: 277 
Recording cell: 437 
Recording cell: 309 
Recording cell: 284 
Recording cell: 458 
Recording cell: 435 
Recording cell: 275 
Recording cell: 464 
Recording cell: 439 
Recording cell: 432 
Recording cell: 231 
Recording cell: 276 
Recording cell: 436 
Recording cell: 310 
Recording cell: 304 
Recording cell: 417 
Recording cell: 457 
Recording cell: 311 
Recording cell: 281 
Recording cell: 414 
Recording cell: 461 
Recording cell: 274 
Recording cell: 330 
Recording cell: 206 
Recording cell: 307 
Recording cell: 482 
Recording cell: 333 
Recording cell: 459 
Recording cell: 301 
Recording cell: 488 
Recording cell: 308 
Recording cell: 463 
Recording cell: 456 
Recording cell: 299 
Recording cell: 460 
Recording cell: 300 
Recording cell: 481 
Recording cell: 441 
Recording cell: 485 
Recording cell: 328 
Recording cell: 255 
Recording cell: 438 
Recording cell: 334 
Recording cell: 506 
Recording cell: 483 
Recording cell: 335 
Recording cell: 354 
Recording cell: 512 
Recording cell: 305 
Recording cell: 298 
Recording cell: 487 
Recording cell: 357 
Recording cell: 331 
Recording cell: 480 
Recording cell: 325 
Recording cell: 332 
Recording cell: 484 
Recording cell: 230 
Recording cell: 505 
Recording cell: 323 
Recording cell: 509 
Recording cell: 465 
Recording cell: 530 
Recording cell: 462 
Recording cell: 507 
Recording cell: 536 
Recording cell: 324 
Recording cell: 352 
Recording cell: 358 
Recording cell: 511 
Recording cell: 378 
Recording cell: 279 
Recording cell: 504 
Recording cell: 359 
Recording cell: 329 
Recording cell: 381 
Recording cell: 355 
Recording cell: 322 
Recording cell: 508 
Recording cell: 349 
Recording cell: 529 
Recording cell: 356 
Recording cell: 533 
Recording cell: 554 
Recording cell: 489 
Recording cell: 531 
Recording cell: 560 
Recording cell: 486 
Recording cell: 347 
Recording cell: 535 
Recording cell: 376 
Recording cell: 528 
Recording cell: 348 
Recording cell: 382 
Recording cell: 402 
Recording cell: 254 
Recording cell: 532 
Recording cell: 383 
Recording cell: 405 
Recording cell: 553 
Recording cell: 303 
Recording cell: 578 
Recording cell: 353 
Recording cell: 557 
Recording cell: 379 
Recording cell: 555 
Recording cell: 584 
Recording cell: 346 
Recording cell: 513 
Recording cell: 373 
Recording cell: 510 
Recording cell: 380 
Recording cell: 559 
Recording cell: 552 
Recording cell: 371 
Recording cell: 400 
Recording cell: 372 
Recording cell: 556 
Recording cell: 426 
Recording cell: 577 
Recording cell: 602 
Recording cell: 406 
Recording cell: 278 
Recording cell: 581 
Recording cell: 429 
Recording cell: 579 
Recording cell: 608 
Recording cell: 407 
Recording cell: 537 
Recording cell: 403 
Recording cell: 534 
Recording cell: 377 
Recording cell: 327 
Recording cell: 397 
Recording cell: 583 
Recording cell: 370 
Recording cell: 576 
Recording cell: 404 
Recording cell: 626 
Recording cell: 580 
Recording cell: 395 
Recording cell: 601 
Recording cell: 424 
Recording cell: 632 
Recording cell: 603 
Recording cell: 605 
Recording cell: 450 
Recording cell: 396 
Recording cell: 430 
Recording cell: 453 
Recording cell: 561 
Recording cell: 558 
Recording cell: 431 
Recording cell: 302 
Recording cell: 607 
Recording cell: 600 
Recording cell: 427 
Recording cell: 401 
Recording cell: 421 
Recording cell: 650 
Recording cell: 351 
Recording cell: 394 
Recording cell: 604 
Recording cell: 428 
Recording cell: 625 
Recording cell: 656 
Recording cell: 627 
Recording cell: 629 
Recording cell: 448 
Recording cell: 419 
Recording cell: 474 
Recording cell: 585 
Recording cell: 420 
Recording cell: 582 
Recording cell: 477 
Recording cell: 631 
Recording cell: 454 
Recording cell: 624 
Recording cell: 455 
Recording cell: 674 
Recording cell: 326 
Recording cell: 680 
Recording cell: 649 
Recording cell: 651 
Recording cell: 628 
Recording cell: 451 
Recording cell: 653 
Recording cell: 425 
Recording cell: 445 
Recording cell: 375 
Recording cell: 452 
Recording cell: 418 
Recording cell: 472 
Recording cell: 609 
Recording cell: 655 
Recording cell: 443 
Recording cell: 606 
Recording cell: 498 
Recording cell: 648 
Recording cell: 501 
Recording cell: 698 
Recording cell: 444 
Recording cell: 708 
Recording cell: 478 
Recording cell: 675 
Recording cell: 673 
Recording cell: 652 
Recording cell: 677 
Recording cell: 479 
Recording cell: 350 
Recording cell: 475 
Recording cell: 469 
Recording cell: 449 
Recording cell: 633 
Recording cell: 476 
Recording cell: 679 
Recording cell: 399 
Recording cell: 442 
Recording cell: 672 
Recording cell: 630 
Recording cell: 496 
Recording cell: 702 
Recording cell: 732 
Recording cell: 522 
Recording cell: 467 
Recording cell: 699 
Recording cell: 525 
Recording cell: 697 
Recording cell: 676 
Recording cell: 705 
Recording cell: 468 
Recording cell: 502 
Recording cell: 503 
Recording cell: 374 
Recording cell: 707 
Recording cell: 657 
Recording cell: 499 
Recording cell: 696 
Recording cell: 726 
Recording cell: 493 
Recording cell: 654 
Recording cell: 756 
Recording cell: 473 
Recording cell: 500 
Recording cell: 703 
Recording cell: 423 
Recording cell: 701 
Recording cell: 520 
Recording cell: 466 
Recording cell: 704 
Recording cell: 546 
Recording cell: 729 
Recording cell: 549 
Recording cell: 491 
Recording cell: 492 
Recording cell: 526 
Recording cell: 731 
Recording cell: 750 
Recording cell: 681 
Recording cell: 700 
Recording cell: 780 
Recording cell: 527 
Recording cell: 727 
Recording cell: 678 
Recording cell: 398 
Recording cell: 523 
Recording cell: 725 
Recording cell: 728 
Recording cell: 517 
Recording cell: 753 
Recording cell: 524 
Recording cell: 497 
Recording cell: 544 
Recording cell: 570 
Recording cell: 490 
Recording cell: 573 
Recording cell: 515 
Recording cell: 755 
Recording cell: 774 
Recording cell: 804 
Recording cell: 724 
Recording cell: 709 
Recording cell: 516 
Recording cell: 447 
Recording cell: 751 
Recording cell: 550 
Recording cell: 706 
Recording cell: 749 
Recording cell: 551 
Recording cell: 752 
Recording cell: 777 
Recording cell: 422 
Recording cell: 547 
Recording cell: 541 
Recording cell: 568 
Recording cell: 548 
Recording cell: 594 
Recording cell: 521 
Recording cell: 798 
Recording cell: 779 
Recording cell: 828 
Recording cell: 597 
Recording cell: 748 
Recording cell: 514 
Recording cell: 775 
Recording cell: 539 
Recording cell: 733 
Recording cell: 730 
Recording cell: 773 
Recording cell: 540 
Recording cell: 776 
Recording cell: 574 
Recording cell: 801 
Recording cell: 575 
Recording cell: 571 
Recording cell: 446 
Recording cell: 822 
Recording cell: 852 
Recording cell: 803 
Recording cell: 565 
Recording cell: 592 
Recording cell: 799 
Recording cell: 618 
Recording cell: 772 
Recording cell: 572 
Recording cell: 621 
Recording cell: 757 
Recording cell: 545 
Recording cell: 797 
Recording cell: 754 
Recording cell: 563 
Recording cell: 538 
Recording cell: 800 
Recording cell: 825 
Recording cell: 564 
Recording cell: 598 
Recording cell: 846 
Recording cell: 876 
Recording cell: 471 
Recording cell: 599 
Recording cell: 827 
Recording cell: 823 
Recording cell: 796 
Recording cell: 470 
Recording cell: 595 
Recording cell: 781 
Recording cell: 589 
Recording cell: 616 
Recording cell: 642 
Recording cell: 821 
Recording cell: 645 
Recording cell: 596 
Recording cell: 778 
Recording cell: 824 
Recording cell: 849 
Recording cell: 569 
Recording cell: 587 
Recording cell: 870 
Recording cell: 900 
Recording cell: 562 
Recording cell: 847 
Recording cell: 851 
Recording cell: 588 
Recording cell: 622 
Recording cell: 820 
Recording cell: 623 
Recording cell: 495 
Recording cell: 805 
Recording cell: 845 
Recording cell: 494 
Recording cell: 619 
Recording cell: 873 
Recording cell: 848 
Recording cell: 666 
Recording cell: 640 
Recording cell: 802 
Recording cell: 613 
Recording cell: 669 
Recording cell: 894 
Recording cell: 924 
Recording cell: 620 
Recording cell: 871 
Recording cell: 593 
Recording cell: 875 
Recording cell: 611 
Recording cell: 844 
Recording cell: 586 
Recording cell: 612 
Recording cell: 646 
Recording cell: 869 
Recording cell: 829 
Recording cell: 897 
Recording cell: 872 
Recording cell: 647 
Recording cell: 826 
Recording cell: 519 
Recording cell: 918 
Recording cell: 690 
Recording cell: 643 
Recording cell: 664 
Recording cell: 693 
Recording cell: 637 
Recording cell: 895 
Recording cell: 899 
Recording cell: 644 
Recording cell: 868 
Recording cell: 518 
Recording cell: 617 
Recording cell: 893 
Recording cell: 635 
Recording cell: 853 
Recording cell: 921 
Recording cell: 896 
Recording cell: 610 
Recording cell: 670 
Recording cell: 636 
Recording cell: 850 
Recording cell: 919 
Recording cell: 671 
Recording cell: 718 
Recording cell: 688 
Recording cell: 923 
Recording cell: 543 
Recording cell: 721 
Recording cell: 667 
Recording cell: 661 
Recording cell: 892 
Recording cell: 917 
Recording cell: 668 
Recording cell: 920 
Recording cell: 877 
Recording cell: 659 
Recording cell: 641 
Recording cell: 874 
Recording cell: 542 
Recording cell: 634 
Recording cell: 694 
Recording cell: 660 
Recording cell: 916 
Recording cell: 742 
Recording cell: 695 
Recording cell: 716 
Recording cell: 745 
Recording cell: 691 
Recording cell: 567 
Recording cell: 685 
Recording cell: 901 
Recording cell: 692 
Recording cell: 898 
Recording cell: 683 
Recording cell: 566 
Recording cell: 665 
Recording cell: 933 
Recording cell: 722 
Recording cell: 658 
Recording cell: 684 
Recording cell: 766 
Recording cell: 740 
Recording cell: 769 
Recording cell: 723 
Recording cell: 719 
Recording cell: 925 
Recording cell: 591 
Recording cell: 713 
Recording cell: 922 
Recording cell: 720 
Recording cell: 934 
----------------------------------------------------------------------------------------
Commencing Parallel run!
----------------------------------------------------------------------------------------
Recording cell: 590 
Recording cell: 711 
Recording cell: 689 
Recording cell: 746 
Recording cell: 790 
Recording cell: 712 
Recording cell: 682 
Recording cell: 764 
Recording cell: 793 
Recording cell: 747 
Recording cell: 743 
Recording cell: 737 
Recording cell: 615 
Recording cell: 744 
Recording cell: 614 
Recording cell: 735 
Recording cell: 717 
Recording cell: 814 
Recording cell: 770 
Recording cell: 817 
Recording cell: 788 
Recording cell: 736 
Recording cell: 710 
Recording cell: 771 
Recording cell: 767 
Recording cell: 761 
Recording cell: 639 
Recording cell: 768 
Recording cell: 638 
Recording cell: 759 
Recording cell: 838 
Recording cell: 841 
Recording cell: 794 
Recording cell: 812 
Recording cell: 741 
Recording cell: 760 
Recording cell: 734 
Recording cell: 795 
Recording cell: 791 
Recording cell: 785 
Recording cell: 663 
Recording cell: 792 
Recording cell: 862 
Recording cell: 783 
Recording cell: 865 
Recording cell: 836 
Recording cell: 818 
Recording cell: 765 
Recording cell: 784 
Recording cell: 662 
Recording cell: 819 
Recording cell: 758 
Recording cell: 815 
Recording cell: 809 
Recording cell: 816 
Recording cell: 886 
Recording cell: 889 
Recording cell: 860 
Recording cell: 807 
Recording cell: 842 
Recording cell: 687 
Recording cell: 686 
Recording cell: 789 
Recording cell: 808 
Recording cell: 843 
Recording cell: 782 
Recording cell: 839 
Recording cell: 833 
Recording cell: 840 
Recording cell: 910 
Recording cell: 913 
Recording cell: 884 
Recording cell: 831 
Recording cell: 714 
Recording cell: 866 
Recording cell: 813 
Recording cell: 832 
Recording cell: 867 
Recording cell: 806 
Recording cell: 863 
Recording cell: 857 
Recording cell: 864 
Recording cell: 908 
Recording cell: 715 
Recording cell: 738 
Recording cell: 855 
Recording cell: 890 
Recording cell: 856 
Recording cell: 837 
Recording cell: 891 
Recording cell: 830 
Recording cell: 887 
Recording cell: 881 
Recording cell: 888 
Recording cell: 932 
Recording cell: 762 
Recording cell: 879 
Recording cell: 914 
Recording cell: 880 
Recording cell: 915 
Recording cell: 861 
Recording cell: 911 
Recording cell: 854 
Recording cell: 905 
Recording cell: 739 
Recording cell: 912 
Recording cell: 786 
Recording cell: 903 
Recording cell: 904 
Recording cell: 885 
Recording cell: 878 
Recording cell: 929 
Recording cell: 763 
Recording cell: 927 
Recording cell: 928 
Recording cell: 810 
Recording cell: 909 
Recording cell: 902 
Recording cell: 787 
Recording cell: 834 
Recording cell: 926 
Recording cell: 811 
Recording cell: 858 
Recording cell: 835 
Recording cell: 882 
Recording cell: 859 
Recording cell: 906 
Recording cell: 883 
Recording cell: 930 
Recording cell: 907 
Recording cell: 931 
